Ganache CLI v6.4.1 (ganache-core: 2.5.3)

Available Accounts
==================
(0) 0x3d323b1ec50b0309565261506a2d7ef11621f220 (~100 ETH)
(1) 0xa06daabb68a2466eb800d949f43da8b210804e1b (~100 ETH)
(2) 0x17c24f015b801af7fb5a00b08b9ffd96c1d3f93c (~100 ETH)
(3) 0x35f3b5136fa490d391aa6d8aa891dc0d12ee20b1 (~100 ETH)
(4) 0xb393c777a65f2b901a6f968a72474e114695fda0 (~100 ETH)
(5) 0x3e4fdc4bd643dd8e52715fb63e53c1bb32f21a3d (~100 ETH)
(6) 0x6e39cc9b5e061ce32d08f0cec71649055e196767 (~100 ETH)
(7) 0xa300941ee99d4b600a4cc9056efebe79749b4fb4 (~100 ETH)
(8) 0x2e3a4130bce60983267c9bfd401dcddaf25e58a1 (~100 ETH)
(9) 0xf2777adb81b7f48f1032cbcf035d5145ec433a25 (~100 ETH)

Private Keys
==================
(0) 0x52e4e382b6e50f5074f2be79ad20229300cb21f375da32e9315529d95bd63441
(1) 0x1243e840e855d315a85f5fc5c4e91c453d7dd0093d5acc47c923a829819210f6
(2) 0x700430219e9a5faae5cc607b3e7705662976f44c575748bf7d6b3fd4a899ed8e
(3) 0xb59b41694966b9ba81aac948e6f7182177946113259e98a176045a4976e4552c
(4) 0x3c887475905e7a7f486cb6d8ab3be0b651b2c653636b5377e8af1ad46981d8d6
(5) 0xe8a29aae8134c69e89034cc0c8e5d8b5c0f6d08185e838d1e0ac99771a297df4
(6) 0xce33605753f7630f150dec877833545710e6200fe4f799db0375459fb6d473fa
(7) 0x8811a7108f83bc94e1e2e46a0c6b715d6214ae0447f4a316a7204139597a8ce8
(8) 0x03ef8b016618b681c566bac7bdef6706cfe27f77e7a33fb20797bcdad7d7f670
(9) 0x6308ec0ab67643bf77d0e2974a28a69fb5e500af1086eb1fdfd5b8b714ea5b2f

HD Wallet
==================
Mnemonic:      leopard rescue churn decrease finish file wheel ramp tent alien ostrich say
Base HD Path:  m/44'/60'/0'/0/{account_index}

Gas Price
==================
20000000000

Gas Limit
==================
6721975

Listening on 127.0.0.1:8545
